<?xml version="1.0" encoding="UTF-8"?>
<!-- Generated by org.testng.reporters.JUnitXMLReporter -->
<testsuite ignored="0" hostname="Ganesh" failures="2" tests="6" name="OpenCart Tests" time="80.246" errors="0" timestamp="2022-10-30T17:16:06 IST">
  <testcase classname="testCases.TC_001_AccountRegistration" name="test_accout_Registration" time="7.173"/>
  <testcase classname="testCases.TC_002_Login" name="test_Login" time="13.746">
    <failure type="java.lang.AssertionError" message="expected [true] but found [false]">
      <![CDATA[java.lang.AssertionError: expected [true] but found [false]
at testCases.TC_002_Login.test_Login(TC_002_Login.java:53)
at java.base/java.util.ArrayList.forEach(ArrayList.java:1511)
... Removed 29 stack frames]]>
    </failure>
  </testcase> <!-- test_Login -->
  <testcase classname="testCases.TC_003_LoginDDT" name="test_LoginDDT" time="13.421">
    <failure type="java.lang.AssertionError" message="expected [true] but found [false]">
      <![CDATA[java.lang.AssertionError: expected [true] but found [false]
at testCases.TC_003_LoginDDT.test_LoginDDT(TC_003_LoginDDT.java:64)
at java.base/java.util.ArrayList.forEach(ArrayList.java:1511)
... Removed 29 stack frames]]>
    </failure>
  </testcase> <!-- test_LoginDDT -->
  <testcase classname="testCases.TC_003_LoginDDT" name="test_LoginDDT" time="13.569"/>
  <testcase classname="testCases.TC_003_LoginDDT" name="test_LoginDDT" time="13.517"/>
  <testcase classname="testCases.TC_003_LoginDDT" name="test_LoginDDT" time="12.252"/>
</testsuite> <!-- OpenCart Tests -->
